# JRE version: OpenJDK Runtime Environment Microsoft-7208460 (11.0.18+10) (build 11.0.18+10-LTS)
# Java VM: OpenJDK 64-Bit Server VM Microsoft-7208460 (11.0.18+10-LTS, mixed mode, tiered, compressed oops, g1 gc, windows-amd64)
Heap:
 garbage-first heap   total 565248K, used 361538K [0x00000000c0000000, 0x0000000100000000)
  region size 1024K, 159 young (162816K), 3 survivors (3072K)
 Metaspace       used 25103K, capacity 25718K, committed 26112K, reserved 1073152K
  class space    used 2667K, capacity 2934K, committed 3072K, reserved 1048576K
GC Heap History (20 events):
Event: 6.782 GC heap before
{Heap before GC invocations=17 (full 0):
 garbage-first heap   total 444416K, used 290115K [0x00000000c0000000, 0x0000000100000000)
  region size 1024K, 143 young (146432K), 16 survivors (16384K)
 Metaspace       used 17320K, capacity 17648K, committed 17792K, reserved 1064960K
  class space    used 1754K, capacity 1902K, committed 1920K, reserved 1048576K
}
Event: 6.852 GC heap after
{Heap after GC invocations=18 (full 0):
 garbage-first heap   total 444416K, used 186368K [0x00000000c0000000, 0x0000000100000000)
  region size 1024K, 18 young (18432K), 18 survivors (18432K)
 Metaspace       used 17320K, capacity 17648K, committed 17792K, reserved 1064960K
  class space    used 1754K, capacity 1902K, committed 1920K, reserved 1048576K
}
Event: 7.764 GC heap before
{Heap before GC invocations=18 (full 0):
 garbage-first heap   total 444416K, used 315392K [0x00000000c0000000, 0x0000000100000000)
  region size 1024K, 144 young (147456K), 18 survivors (18432K)
 Metaspace       used 17324K, capacity 17648K, committed 17792K, reserved 1064960K
  class space    used 1754K, capacity 1902K, committed 1920K, reserved 1048576K
}
Event: 7.812 GC heap after
{Heap after GC invocations=19 (full 0):
 garbage-first heap   total 444416K, used 210931K [0x00000000c0000000, 0x0000000100000000)
  region size 1024K, 18 young (18432K), 18 survivors (18432K)
 Metaspace       used 17324K, capacity 17648K, committed 17792K, reserved 1064960K
  class space    used 1754K, capacity 1902K, committed 1920K, reserved 1048576K
}
Event: 9.386 GC heap before
{Heap before GC invocations=19 (full 0):
 garbage-first heap   total 444416K, used 332787K [0x00000000c0000000, 0x0000000100000000)
  region size 1024K, 136 young (139264K), 18 survivors (18432K)
 Metaspace       used 23289K, capacity 24019K, committed 24320K, reserved 1071104K
  class space    used 2672K, capacity 2979K, committed 3072K, reserved 1048576K
}
Event: 9.450 GC heap after
{Heap after GC invocations=20 (full 0):
 garbage-first heap   total 565248K, used 220046K [0x00000000c0000000, 0x0000000100000000)
  region size 1024K, 6 young (6144K), 6 survivors (6144K)
 Metaspace       used 23289K, capacity 24019K, committed 24320K, reserved 1071104K
  class space    used 2672K, capacity 2979K, committed 3072K, reserved 1048576K
}
Event: 9.684 GC heap before
{Heap before GC invocations=20 (full 0):
 garbage-first heap   total 565248K, used 233358K [0x00000000c0000000, 0x0000000100000000)
  region size 1024K, 20 young (20480K), 6 survivors (6144K)
 Metaspace       used 23523K, capacity 24215K, committed 24320K, reserved 1071104K
  class space    used 2672K, capacity 2980K, committed 3072K, reserved 1048576K
}
Event: 9.700 GC heap after
{Heap after GC invocations=21 (full 0):
 garbage-first heap   total 565248K, used 218877K [0x00000000c0000000, 0x0000000100000000)
  region size 1024K, 5 young (5120K), 5 survivors (5120K)
 Metaspace       used 23523K, capacity 24215K, committed 24320K, reserved 1071104K
  class space    used 2672K, capacity 2980K, committed 3072K, reserved 1048576K
}
Event: 12.011 GC heap before
{Heap before GC invocations=22 (full 0):
 garbage-first heap   total 565248K, used 373501K [0x00000000c0000000, 0x0000000100000000)
  region size 1024K, 157 young (160768K), 5 survivors (5120K)
 Metaspace       used 24182K, capacity 24902K, committed 25088K, reserved 1071104K
  class space    used 2709K, capacity 3016K, committed 3072K, reserved 1048576K
}
Event: 12.042 GC heap after
{Heap after GC invocations=23 (full 0):
 garbage-first heap   total 565248K, used 219525K [0x00000000c0000000, 0x0000000100000000)
  region size 1024K, 7 young (7168K), 7 survivors (7168K)
 Metaspace       used 24182K, capacity 24902K, committed 25088K, reserved 1071104K
  class space    used 2709K, capacity 3016K, committed 3072K, reserved 1048576K
}
Event: 12.184 GC heap before
{Heap before GC invocations=23 (full 0):
 garbage-first heap   total 565248K, used 240005K [0x00000000c0000000, 0x0000000100000000)
  region size 1024K, 27 young (27648K), 7 survivors (7168K)
 Metaspace       used 24182K, capacity 24902K, committed 25088K, reserved 1071104K
  class space    used 2709K, capacity 3016K, committed 3072K, reserved 1048576K
}
Event: 12.216 GC heap after
{Heap after GC invocations=24 (full 0):
 garbage-first heap   total 565248K, used 202029K [0x00000000c0000000, 0x0000000100000000)
  region size 1024K, 3 young (3072K), 3 survivors (3072K)
 Metaspace       used 24182K, capacity 24902K, committed 25088K, reserved 1071104K
  class space    used 2709K, capacity 3016K, committed 3072K, reserved 1048576K
}
Event: 13.899 GC heap before
{Heap before GC invocations=24 (full 0):
 garbage-first heap   total 565248K, used 397613K [0x00000000c0000000, 0x0000000100000000)
  region size 1024K, 194 young (198656K), 3 survivors (3072K)
 Metaspace       used 24823K, capacity 25544K, committed 25600K, reserved 1071104K
  class space    used 2713K, capacity 3023K, committed 3072K, reserved 1048576K
}
Event: 13.912 GC heap after
{Heap after GC invocations=25 (full 0):
 garbage-first heap   total 565248K, used 203195K [0x00000000c0000000, 0x0000000100000000)
  region size 1024K, 4 young (4096K), 4 survivors (4096K)
 Metaspace       used 24823K, capacity 25544K, committed 25600K, reserved 1071104K
  class space    used 2713K, capacity 3023K, committed 3072K, reserved 1048576K
}
Event: 15.132 GC heap before
{Heap before GC invocations=25 (full 0):
 garbage-first heap   total 565248K, used 427451K [0x00000000c0000000, 0x0000000100000000)
  region size 1024K, 223 young (228352K), 4 survivors (4096K)
 Metaspace       used 24956K, capacity 25560K, committed 26112K, reserved 1073152K
  class space    used 2657K, capacity 2926K, committed 3072K, reserved 1048576K
}
Event: 15.150 GC heap after
{Heap after GC invocations=26 (full 0):
 garbage-first heap   total 565248K, used 204126K [0x00000000c0000000, 0x0000000100000000)
  region size 1024K, 5 young (5120K), 5 survivors (5120K)
 Metaspace       used 24956K, capacity 25560K, committed 26112K, reserved 1073152K
  class space    used 2657K, capacity 2926K, committed 3072K, reserved 1048576K
}
Event: 16.652 GC heap before
{Heap before GC invocations=27 (full 0):
 garbage-first heap   total 565248K, used 439646K [0x00000000c0000000, 0x0000000100000000)
  region size 1024K, 235 young (240640K), 5 survivors (5120K)
 Metaspace       used 25069K, capacity 25651K, committed 26112K, reserved 1073152K
  class space    used 2667K, capacity 2934K, committed 3072K, reserved 1048576K
}
Event: 16.760 GC heap after
{Heap after GC invocations=28 (full 0):
 garbage-first heap   total 565248K, used 205626K [0x00000000c0000000, 0x0000000100000000)
  region size 1024K, 7 young (7168K), 7 survivors (7168K)
 Metaspace       used 25069K, capacity 25651K, committed 26112K, reserved 1073152K
  class space    used 2667K, capacity 2934K, committed 3072K, reserved 1048576K
}
Event: 16.955 GC heap before
{Heap before GC invocations=28 (full 0):
 garbage-first heap   total 565248K, used 225082K [0x00000000c0000000, 0x0000000100000000)
  region size 1024K, 27 young (27648K), 7 survivors (7168K)
 Metaspace       used 25072K, capacity 25651K, committed 26112K, reserved 1073152K
  class space    used 2667K, capacity 2934K, committed 3072K, reserved 1048576K
}
Event: 17.092 GC heap after
{Heap after GC invocations=29 (full 0):
 garbage-first heap   total 565248K, used 202818K [0x00000000c0000000, 0x0000000100000000)
  region size 1024K, 3 young (3072K), 3 survivors (3072K)
 Metaspace       used 25072K, capacity 25651K, committed 26112K, reserved 1073152K
  class space    used 2667K, capacity 2934K, committed 3072K, reserved 1048576K
}

